<?xml version="1.0" encoding="UTF-8"?>
<testng-results ignored="0" total="8" passed="8" failed="0" skipped="0">
  <reporter-output>
  </reporter-output>
  <suite started-at="2024-03-17T09:03:17 IST" name="Suite" finished-at="2024-03-17T09:04:16 IST" duration-ms="58986">
    <groups>
    </groups>
    <test started-at="2024-03-17T09:03:17 IST" name="ChromeTest" finished-at="2024-03-17T09:04:16 IST" duration-ms="58986">
      <class name="testScripts.SearchHotelPageTest">
        <test-method is-config="true" signature="openBrowser(java.lang.String)[pri:0, instance:testScripts.SearchHotelPageTest@1f2586d6]" started-at="2024-03-17T09:03:21 IST" name="openBrowser" finished-at="2024-03-17T09:03:23 IST" duration-ms="1386" status="PASS">
          <params>
            <param index="0">
              <value>
                <![CDATA[chrome]]>
              </value>
            </param>
          </params>
          <reporter-output>
          </reporter-output>
        </test-method> <!-- openBrowser -->
        <test-method is-config="true" signature="cretePOMObjects()[pri:0, instance:testScripts.SearchHotelPageTest@1f2586d6]" started-at="2024-03-17T09:03:24 IST" name="cretePOMObjects" finished-at="2024-03-17T09:03:24 IST" duration-ms="33" status="PASS">
          <reporter-output>
          </reporter-output>
        </test-method> <!-- cretePOMObjects -->
        <test-method is-config="true" signature="openApplication()[pri:0, instance:testScripts.SearchHotelPageTest@1f2586d6]" started-at="2024-03-17T09:03:24 IST" name="openApplication" finished-at="2024-03-17T09:03:38 IST" duration-ms="13784" status="PASS">
          <reporter-output>
          </reporter-output>
        </test-method> <!-- openApplication -->
        <test-method signature="verifyResetButton()[pri:-1, instance:testScripts.SearchHotelPageTest@1f2586d6]" started-at="2024-03-17T09:03:38 IST" name="verifyResetButton" finished-at="2024-03-17T09:03:38 IST" duration-ms="67" status="PASS">
          <reporter-output>
          </reporter-output>
        </test-method> <!-- verifyResetButton -->
        <test-method is-config="true" signature="logoutApplication(org.testng.ITestResult)[pri:0, instance:testScripts.SearchHotelPageTest@1f2586d6]" started-at="2024-03-17T09:03:38 IST" name="logoutApplication" finished-at="2024-03-17T09:03:39 IST" duration-ms="1315" status="PASS">
          <params>
            <param index="0">
              <value>
                <![CDATA[[TestResult name=verifyResetButton status=SUCCESS method=SearchHotelPageTest.verifyResetButton()[pri:-1, instance:testScripts.SearchHotelPageTest@1f2586d6] output={null}]]]>
              </value>
            </param>
          </params>
          <reporter-output>
          </reporter-output>
        </test-method> <!-- logoutApplication -->
        <test-method is-config="true" signature="openApplication()[pri:0, instance:testScripts.SearchHotelPageTest@1f2586d6]" started-at="2024-03-17T09:03:39 IST" name="openApplication" finished-at="2024-03-17T09:03:48 IST" duration-ms="8263" status="PASS">
          <reporter-output>
          </reporter-output>
        </test-method> <!-- openApplication -->
        <test-method signature="verifySearchButton()[pri:0, instance:testScripts.SearchHotelPageTest@1f2586d6]" started-at="2024-03-17T09:03:48 IST" name="verifySearchButton" finished-at="2024-03-17T09:03:49 IST" duration-ms="1358" status="PASS">
          <reporter-output>
          </reporter-output>
        </test-method> <!-- verifySearchButton -->
        <test-method is-config="true" signature="logoutApplication(org.testng.ITestResult)[pri:0, instance:testScripts.SearchHotelPageTest@1f2586d6]" started-at="2024-03-17T09:03:49 IST" name="logoutApplication" finished-at="2024-03-17T09:03:49 IST" duration-ms="408" status="PASS">
          <params>
            <param index="0">
              <value>
                <![CDATA[[TestResult name=verifySearchButton status=SUCCESS method=SearchHotelPageTest.verifySearchButton()[pri:0, instance:testScripts.SearchHotelPageTest@1f2586d6] output={null}]]]>
              </value>
            </param>
          </params>
          <reporter-output>
          </reporter-output>
        </test-method> <!-- logoutApplication -->
        <test-method is-config="true" signature="clearObjects()[pri:0, instance:testScripts.SearchHotelPageTest@1f2586d6]" started-at="2024-03-17T09:03:49 IST" name="clearObjects" finished-at="2024-03-17T09:03:49 IST" duration-ms="0" status="PASS">
          <reporter-output>
          </reporter-output>
        </test-method> <!-- clearObjects -->
        <test-method is-config="true" signature="closeBrowser()[pri:0, instance:testScripts.SearchHotelPageTest@1f2586d6]" started-at="2024-03-17T09:04:15 IST" name="closeBrowser" finished-at="2024-03-17T09:04:16 IST" duration-ms="126" status="PASS">
          <reporter-output>
          </reporter-output>
        </test-method> <!-- closeBrowser -->
      </class> <!-- testScripts.SearchHotelPageTest -->
      <class name="testScripts.LoginPageTest">
        <test-method is-config="true" signature="openBrowser(java.lang.String)[pri:0, instance:testScripts.LoginPageTest@7586beff]" started-at="2024-03-17T09:03:20 IST" name="openBrowser" finished-at="2024-03-17T09:03:21 IST" duration-ms="1459" status="PASS">
          <params>
            <param index="0">
              <value>
                <![CDATA[chrome]]>
              </value>
            </param>
          </params>
          <reporter-output>
          </reporter-output>
        </test-method> <!-- openBrowser -->
        <test-method is-config="true" signature="cretePOMObjects()[pri:0, instance:testScripts.LoginPageTest@7586beff]" started-at="2024-03-17T09:03:24 IST" name="cretePOMObjects" finished-at="2024-03-17T09:03:24 IST" duration-ms="33" status="PASS">
          <reporter-output>
          </reporter-output>
        </test-method> <!-- cretePOMObjects -->
        <test-method is-config="true" signature="openApplication()[pri:0, instance:testScripts.LoginPageTest@7586beff]" started-at="2024-03-17T09:03:24 IST" name="openApplication" finished-at="2024-03-17T09:03:37 IST" duration-ms="12669" status="PASS">
          <reporter-output>
          </reporter-output>
        </test-method> <!-- openApplication -->
        <test-method signature="verifyLoginbutton()[pri:1, instance:testScripts.LoginPageTest@7586beff]" started-at="2024-03-17T09:03:37 IST" name="verifyLoginbutton" finished-at="2024-03-17T09:03:37 IST" duration-ms="61" status="PASS">
          <reporter-output>
          </reporter-output>
        </test-method> <!-- verifyLoginbutton -->
        <test-method is-config="true" signature="logoutApplication(org.testng.ITestResult)[pri:0, instance:testScripts.LoginPageTest@7586beff]" started-at="2024-03-17T09:03:37 IST" name="logoutApplication" finished-at="2024-03-17T09:03:39 IST" duration-ms="1652" status="PASS">
          <params>
            <param index="0">
              <value>
                <![CDATA[[TestResult name=verifyLoginbutton status=SUCCESS method=LoginPageTest.verifyLoginbutton()[pri:1, instance:testScripts.LoginPageTest@7586beff] output={null}]]]>
              </value>
            </param>
          </params>
          <reporter-output>
          </reporter-output>
        </test-method> <!-- logoutApplication -->
        <test-method is-config="true" signature="openApplication()[pri:0, instance:testScripts.LoginPageTest@7586beff]" started-at="2024-03-17T09:03:39 IST" name="openApplication" finished-at="2024-03-17T09:03:47 IST" duration-ms="8244" status="PASS">
          <reporter-output>
          </reporter-output>
        </test-method> <!-- openApplication -->
        <test-method signature="verifyLogo()[pri:2, instance:testScripts.LoginPageTest@7586beff]" started-at="2024-03-17T09:03:47 IST" name="verifyLogo" finished-at="2024-03-17T09:03:47 IST" duration-ms="39" status="PASS">
          <reporter-output>
          </reporter-output>
        </test-method> <!-- verifyLogo -->
        <test-method is-config="true" signature="logoutApplication(org.testng.ITestResult)[pri:0, instance:testScripts.LoginPageTest@7586beff]" started-at="2024-03-17T09:03:47 IST" name="logoutApplication" finished-at="2024-03-17T09:03:47 IST" duration-ms="461" status="PASS">
          <params>
            <param index="0">
              <value>
                <![CDATA[[TestResult name=verifyLogo status=SUCCESS method=LoginPageTest.verifyLogo()[pri:2, instance:testScripts.LoginPageTest@7586beff] output={null}]]]>
              </value>
            </param>
          </params>
          <reporter-output>
          </reporter-output>
        </test-method> <!-- logoutApplication -->
        <test-method is-config="true" signature="clearObjects()[pri:0, instance:testScripts.LoginPageTest@7586beff]" started-at="2024-03-17T09:03:47 IST" name="clearObjects" finished-at="2024-03-17T09:03:47 IST" duration-ms="0" status="PASS">
          <reporter-output>
          </reporter-output>
        </test-method> <!-- clearObjects -->
        <test-method is-config="true" signature="closeBrowser()[pri:0, instance:testScripts.LoginPageTest@7586beff]" started-at="2024-03-17T09:04:15 IST" name="closeBrowser" finished-at="2024-03-17T09:04:15 IST" duration-ms="112" status="PASS">
          <reporter-output>
          </reporter-output>
        </test-method> <!-- closeBrowser -->
      </class> <!-- testScripts.LoginPageTest -->
      <class name="testScripts.BookHotelPageTest">
        <test-method is-config="true" signature="openBrowser(java.lang.String)[pri:0, instance:testScripts.BookHotelPageTest@3fc2959f]" started-at="2024-03-17T09:03:17 IST" name="openBrowser" finished-at="2024-03-17T09:03:20 IST" duration-ms="3220" status="PASS">
          <params>
            <param index="0">
              <value>
                <![CDATA[chrome]]>
              </value>
            </param>
          </params>
          <reporter-output>
          </reporter-output>
        </test-method> <!-- openBrowser -->
        <test-method is-config="true" signature="cretePOMObjects()[pri:0, instance:testScripts.BookHotelPageTest@3fc2959f]" started-at="2024-03-17T09:03:24 IST" name="cretePOMObjects" finished-at="2024-03-17T09:03:24 IST" duration-ms="35" status="PASS">
          <reporter-output>
          </reporter-output>
        </test-method> <!-- cretePOMObjects -->
        <test-method is-config="true" signature="openApplication()[pri:0, instance:testScripts.BookHotelPageTest@3fc2959f]" started-at="2024-03-17T09:03:24 IST" name="openApplication" finished-at="2024-03-17T09:03:41 IST" duration-ms="17157" status="PASS">
          <reporter-output>
          </reporter-output>
        </test-method> <!-- openApplication -->
        <test-method signature="verifyBookNowButton()[pri:0, instance:testScripts.BookHotelPageTest@3fc2959f]" started-at="2024-03-17T09:03:41 IST" name="verifyBookNowButton" finished-at="2024-03-17T09:03:51 IST" duration-ms="10060" status="PASS">
          <reporter-output>
          </reporter-output>
        </test-method> <!-- verifyBookNowButton -->
        <test-method is-config="true" signature="logoutApplication(org.testng.ITestResult)[pri:0, instance:testScripts.BookHotelPageTest@3fc2959f]" started-at="2024-03-17T09:03:51 IST" name="logoutApplication" finished-at="2024-03-17T09:03:56 IST" duration-ms="5012" status="PASS">
          <params>
            <param index="0">
              <value>
                <![CDATA[[TestResult name=verifyBookNowButton status=SUCCESS method=BookHotelPageTest.verifyBookNowButton()[pri:0, instance:testScripts.BookHotelPageTest@3fc2959f] output={null}]]]>
              </value>
            </param>
          </params>
          <reporter-output>
          </reporter-output>
        </test-method> <!-- logoutApplication -->
        <test-method is-config="true" signature="openApplication()[pri:0, instance:testScripts.BookHotelPageTest@3fc2959f]" started-at="2024-03-17T09:03:56 IST" name="openApplication" finished-at="2024-03-17T09:04:07 IST" duration-ms="10103" status="PASS">
          <reporter-output>
          </reporter-output>
        </test-method> <!-- openApplication -->
        <test-method signature="verifyCancelButton()[pri:1, instance:testScripts.BookHotelPageTest@3fc2959f]" started-at="2024-03-17T09:04:07 IST" name="verifyCancelButton" finished-at="2024-03-17T09:04:10 IST" duration-ms="3601" status="PASS">
          <reporter-output>
          </reporter-output>
        </test-method> <!-- verifyCancelButton -->
        <test-method is-config="true" signature="logoutApplication(org.testng.ITestResult)[pri:0, instance:testScripts.BookHotelPageTest@3fc2959f]" started-at="2024-03-17T09:04:10 IST" name="logoutApplication" finished-at="2024-03-17T09:04:15 IST" duration-ms="5008" status="PASS">
          <params>
            <param index="0">
              <value>
                <![CDATA[[TestResult name=verifyCancelButton status=SUCCESS method=BookHotelPageTest.verifyCancelButton()[pri:1, instance:testScripts.BookHotelPageTest@3fc2959f] output={null}]]]>
              </value>
            </param>
          </params>
          <reporter-output>
          </reporter-output>
        </test-method> <!-- logoutApplication -->
        <test-method is-config="true" signature="closeBrowser()[pri:0, instance:testScripts.BookHotelPageTest@3fc2959f]" started-at="2024-03-17T09:04:15 IST" name="closeBrowser" finished-at="2024-03-17T09:04:15 IST" duration-ms="106" status="PASS">
          <reporter-output>
          </reporter-output>
        </test-method> <!-- closeBrowser -->
        <test-method is-config="true" signature="clearObjects()[pri:0, instance:testScripts.BookHotelPageTest@3fc2959f]" started-at="2024-03-17T09:04:15 IST" name="clearObjects" finished-at="2024-03-17T09:04:15 IST" duration-ms="0" status="PASS">
          <reporter-output>
          </reporter-output>
        </test-method> <!-- clearObjects -->
      </class> <!-- testScripts.BookHotelPageTest -->
      <class name="testScripts.SelectHotelPageTest">
        <test-method is-config="true" signature="openBrowser(java.lang.String)[pri:0, instance:testScripts.SelectHotelPageTest@10683d9d]" started-at="2024-03-17T09:03:23 IST" name="openBrowser" finished-at="2024-03-17T09:03:24 IST" duration-ms="1441" status="PASS">
          <params>
            <param index="0">
              <value>
                <![CDATA[chrome]]>
              </value>
            </param>
          </params>
          <reporter-output>
          </reporter-output>
        </test-method> <!-- openBrowser -->
        <test-method is-config="true" signature="cretePOMObjects()[pri:0, instance:testScripts.SelectHotelPageTest@10683d9d]" started-at="2024-03-17T09:03:24 IST" name="cretePOMObjects" finished-at="2024-03-17T09:03:24 IST" duration-ms="34" status="PASS">
          <reporter-output>
          </reporter-output>
        </test-method> <!-- cretePOMObjects -->
        <test-method is-config="true" signature="openApplication()[pri:0, instance:testScripts.SelectHotelPageTest@10683d9d]" started-at="2024-03-17T09:03:24 IST" name="openApplication" finished-at="2024-03-17T09:03:39 IST" duration-ms="15113" status="PASS">
          <reporter-output>
          </reporter-output>
        </test-method> <!-- openApplication -->
        <test-method signature="verifyContinewButton()[pri:-1, instance:testScripts.SelectHotelPageTest@10683d9d]" started-at="2024-03-17T09:03:39 IST" name="verifyContinewButton" finished-at="2024-03-17T09:03:41 IST" duration-ms="1661" status="PASS">
          <reporter-output>
          </reporter-output>
        </test-method> <!-- verifyContinewButton -->
        <test-method is-config="true" signature="logoutApplication(org.testng.ITestResult)[pri:0, instance:testScripts.SelectHotelPageTest@10683d9d]" started-at="2024-03-17T09:03:41 IST" name="logoutApplication" finished-at="2024-03-17T09:03:42 IST" duration-ms="773" status="PASS">
          <params>
            <param index="0">
              <value>
                <![CDATA[[TestResult name=verifyContinewButton status=SUCCESS method=SelectHotelPageTest.verifyContinewButton()[pri:-1, instance:testScripts.SelectHotelPageTest@10683d9d] output={null}]]]>
              </value>
            </param>
          </params>
          <reporter-output>
          </reporter-output>
        </test-method> <!-- logoutApplication -->
        <test-method is-config="true" signature="openApplication()[pri:0, instance:testScripts.SelectHotelPageTest@10683d9d]" started-at="2024-03-17T09:03:42 IST" name="openApplication" finished-at="2024-03-17T09:03:51 IST" duration-ms="9149" status="PASS">
          <reporter-output>
          </reporter-output>
        </test-method> <!-- openApplication -->
        <test-method signature="verifyCancelButton()[pri:0, instance:testScripts.SelectHotelPageTest@10683d9d]" started-at="2024-03-17T09:03:51 IST" name="verifyCancelButton" finished-at="2024-03-17T09:03:51 IST" duration-ms="443" status="PASS">
          <reporter-output>
          </reporter-output>
        </test-method> <!-- verifyCancelButton -->
        <test-method is-config="true" signature="logoutApplication(org.testng.ITestResult)[pri:0, instance:testScripts.SelectHotelPageTest@10683d9d]" started-at="2024-03-17T09:03:51 IST" name="logoutApplication" finished-at="2024-03-17T09:03:52 IST" duration-ms="471" status="PASS">
          <params>
            <param index="0">
              <value>
                <![CDATA[[TestResult name=verifyCancelButton status=SUCCESS method=SelectHotelPageTest.verifyCancelButton()[pri:0, instance:testScripts.SelectHotelPageTest@10683d9d] output={null}]]]>
              </value>
            </param>
          </params>
          <reporter-output>
          </reporter-output>
        </test-method> <!-- logoutApplication -->
        <test-method is-config="true" signature="clearObjects()[pri:0, instance:testScripts.SelectHotelPageTest@10683d9d]" started-at="2024-03-17T09:03:52 IST" name="clearObjects" finished-at="2024-03-17T09:03:52 IST" duration-ms="1" status="PASS">
          <reporter-output>
          </reporter-output>
        </test-method> <!-- clearObjects -->
        <test-method is-config="true" signature="closeBrowser()[pri:0, instance:testScripts.SelectHotelPageTest@10683d9d]" started-at="2024-03-17T09:04:16 IST" name="closeBrowser" finished-at="2024-03-17T09:04:16 IST" duration-ms="110" status="PASS">
          <reporter-output>
          </reporter-output>
        </test-method> <!-- closeBrowser -->
      </class> <!-- testScripts.SelectHotelPageTest -->
    </test> <!-- ChromeTest -->
  </suite> <!-- Suite -->
</testng-results>
