<?xml version="1.0" encoding="UTF-8"?>
<!-- Generated by org.testng.reporters.JUnitXMLReporter -->
<testsuite ignored="0" hostname="Dreamrider" failures="0" tests="8" name="FirefoxTest" time="67.366" errors="0" timestamp="2022-10-09T12:47:55 IST">
  <testcase classname="testScripts.LoginPageTest" name="verifyLogo" time="0.028"/>
  <testcase classname="testScripts.SearchHotelPageTest" name="verifyResetButton" time="0.723"/>
  <testcase classname="testScripts.LoginPageTest" name="verifyLoginbutton" time="0.006"/>
  <testcase classname="testScripts.SelectHotelPageTest" name="verifyContinewButton" time="0.915"/>
  <testcase classname="testScripts.SearchHotelPageTest" name="verifySearchButton" time="1.055"/>
  <testcase classname="testScripts.SelectHotelPageTest" name="verifyCancelButton" time="0.579"/>
  <testcase classname="testScripts.BookHotelPageTest" name="verifyBookNowButton" time="6.79"/>
  <testcase classname="testScripts.BookHotelPageTest" name="verifyCancelButton" time="4.599"/>
</testsuite> <!-- FirefoxTest -->
