<?xml version="1.0" encoding="UTF-8"?>
<!-- Generated by org.testng.reporters.JUnitXMLReporter -->
<testsuite ignored="0" hostname="Dreamrider" failures="0" tests="8" name="Test" time="0.233" errors="0" timestamp="2022-09-28T16:00:43 IST">
  <testcase classname="testScripts.LoginPageTest" name="@BeforeTest openBrowser" time="-1.664361043346E9">
    <failure type="org.testng.TestNGException" message="
Can inject only one of &amp;lt;ITestContext, XmlTest&amp;gt; into a @BeforeTest annotated openBrowser.
For more information on native dependency injection please refer to https://testng.org/doc/documentation-main.html#native-dependency-injection">
      <![CDATA[org.testng.TestNGException: 
Can inject only one of <ITestContext, XmlTest> into a @BeforeTest annotated openBrowser.
For more information on native dependency injection please refer to https://testng.org/doc/documentation-main.html#native-dependency-injection
... Removed 21 stack frames]]>
    </failure>
  </testcase> <!-- @BeforeTest openBrowser -->
  <testcase classname="testScripts.LoginPageTest" name="@BeforeMethod openApplication" time="0.0">
    <skipped/>
  </testcase> <!-- @BeforeMethod openApplication -->
  <testcase classname="testScripts.LoginPageTest" name="@AfterMethod logoutApplication" time="0.0">
    <skipped/>
  </testcase> <!-- @AfterMethod logoutApplication -->
  <testcase classname="testScripts.LoginPageTest" name="@BeforeMethod openApplication" time="0.0">
    <skipped/>
  </testcase> <!-- @BeforeMethod openApplication -->
  <testcase classname="testScripts.LoginPageTest" name="@AfterMethod logoutApplication" time="0.0">
    <skipped/>
  </testcase> <!-- @AfterMethod logoutApplication -->
  <testcase classname="testScripts.SearchHotelPageTest" name="@BeforeClass openBrowser" time="0.0">
    <skipped/>
  </testcase> <!-- @BeforeClass openBrowser -->
  <testcase classname="testScripts.SearchHotelPageTest" name="@BeforeMethod openApplication" time="0.0">
    <skipped/>
  </testcase> <!-- @BeforeMethod openApplication -->
  <testcase classname="testScripts.SearchHotelPageTest" name="@AfterMethod logoutApplication" time="0.0">
    <skipped/>
  </testcase> <!-- @AfterMethod logoutApplication -->
  <testcase classname="testScripts.SearchHotelPageTest" name="@BeforeMethod openApplication" time="0.0">
    <skipped/>
  </testcase> <!-- @BeforeMethod openApplication -->
  <testcase classname="testScripts.SearchHotelPageTest" name="@AfterMethod logoutApplication" time="0.0">
    <skipped/>
  </testcase> <!-- @AfterMethod logoutApplication -->
  <testcase classname="testScripts.SearchHotelPageTest" name="@AfterClass closeBrowser" time="0.0">
    <skipped/>
  </testcase> <!-- @AfterClass closeBrowser -->
  <testcase classname="testScripts.SelectHotelPageTest" name="@BeforeClass openBrowser" time="0.0">
    <skipped/>
  </testcase> <!-- @BeforeClass openBrowser -->
  <testcase classname="testScripts.SelectHotelPageTest" name="@BeforeMethod openApplication" time="0.0">
    <skipped/>
  </testcase> <!-- @BeforeMethod openApplication -->
  <testcase classname="testScripts.SelectHotelPageTest" name="@AfterMethod logoutApplication" time="0.0">
    <skipped/>
  </testcase> <!-- @AfterMethod logoutApplication -->
  <testcase classname="testScripts.SelectHotelPageTest" name="@BeforeMethod openApplication" time="0.0">
    <skipped/>
  </testcase> <!-- @BeforeMethod openApplication -->
  <testcase classname="testScripts.SelectHotelPageTest" name="@AfterMethod logoutApplication" time="0.0">
    <skipped/>
  </testcase> <!-- @AfterMethod logoutApplication -->
  <testcase classname="testScripts.SelectHotelPageTest" name="@AfterClass closeBrowser" time="0.0">
    <skipped/>
  </testcase> <!-- @AfterClass closeBrowser -->
  <testcase classname="testScripts.BookHotelPageTest" name="@BeforeClass openBrowser" time="0.0">
    <skipped/>
  </testcase> <!-- @BeforeClass openBrowser -->
  <testcase classname="testScripts.BookHotelPageTest" name="@BeforeMethod openApplication" time="0.0">
    <skipped/>
  </testcase> <!-- @BeforeMethod openApplication -->
  <testcase classname="testScripts.BookHotelPageTest" name="@AfterMethod logoutApplication" time="0.0">
    <skipped/>
  </testcase> <!-- @AfterMethod logoutApplication -->
  <testcase classname="testScripts.BookHotelPageTest" name="@BeforeMethod openApplication" time="0.0">
    <skipped/>
  </testcase> <!-- @BeforeMethod openApplication -->
  <testcase classname="testScripts.BookHotelPageTest" name="@AfterMethod logoutApplication" time="0.0">
    <skipped/>
  </testcase> <!-- @AfterMethod logoutApplication -->
  <testcase classname="testScripts.BookHotelPageTest" name="@AfterClass closeBrowser" time="0.0">
    <skipped/>
  </testcase> <!-- @AfterClass closeBrowser -->
  <testcase classname="testScripts.LoginPageTest" name="@AfterTest closeBrowser" time="0.0">
    <skipped/>
  </testcase> <!-- @AfterTest closeBrowser -->
  <testcase classname="testScripts.LoginPageTest" name="verifyLogo" time="0.0">
    <skipped/>
  </testcase> <!-- verifyLogo -->
  <testcase classname="testScripts.LoginPageTest" name="verifyLoginbutton" time="0.0">
    <skipped/>
  </testcase> <!-- verifyLoginbutton -->
  <testcase classname="testScripts.SearchHotelPageTest" name="verifyResetButton" time="0.0">
    <skipped/>
  </testcase> <!-- verifyResetButton -->
  <testcase classname="testScripts.SearchHotelPageTest" name="verifySearchButton" time="0.0">
    <skipped/>
  </testcase> <!-- verifySearchButton -->
  <testcase classname="testScripts.SelectHotelPageTest" name="verifyContinewButton" time="0.0">
    <skipped/>
  </testcase> <!-- verifyContinewButton -->
  <testcase classname="testScripts.SelectHotelPageTest" name="verifyCancelButton" time="0.003">
    <skipped/>
  </testcase> <!-- verifyCancelButton -->
  <testcase classname="testScripts.BookHotelPageTest" name="verifyBookNowButton" time="0.0">
    <skipped/>
  </testcase> <!-- verifyBookNowButton -->
  <testcase classname="testScripts.BookHotelPageTest" name="verifyCancelButton" time="0.0">
    <skipped/>
  </testcase> <!-- verifyCancelButton -->
</testsuite> <!-- Test -->
