<?xml version="1.0" encoding="UTF-8"?>
<!-- Generated by org.testng.reporters.JUnitXMLReporter -->
<testsuite ignored="0" hostname="Dreamrider" failures="0" tests="8" name="Test1" time="0.045" errors="0" timestamp="2022-09-19T13:31:31 IST">
  <testcase classname="testScripts.TestClass" name="testD" time="0.001"/>
  <testcase classname="testScripts.TestClass" name="testA" time="0.002"/>
  <testcase classname="testScripts.TestClass" name="testB" time="0.003"/>
  <testcase classname="testScripts.TestClass" name="testC" time="0.0"/>
  <testcase classname="testScripts.TestClass1" name="test1" time="0.002"/>
  <testcase classname="testScripts.TestClass1" name="test2" time="0.002"/>
  <testcase classname="testScripts.TestClass1" name="test3" time="0.001"/>
  <testcase classname="testScripts.TestClass1" name="test4" time="0.001"/>
</testsuite> <!-- Test1 -->
