<?xml version="1.0" encoding="UTF-8"?>
<!-- Generated by org.testng.reporters.JUnitXMLReporter -->
<testsuite ignored="1" hostname="Dreamrider" failures="0" tests="1" name="FirefoxTest(failed)(failed)" time="45.415" errors="0" timestamp="2023-10-25T11:38:18 IST">
  <testcase classname="testScripts.BookHotelPageTest" name="verifyBookNowButton" time="10.285"/>
  <testcase classname="testScripts.BookHotelPageTest" name="verifyCancelButton" time="0.0">
    <ignored/>
  </testcase> <!-- verifyCancelButton -->
</testsuite> <!-- FirefoxTest(failed)(failed) -->
