<?xml version="1.0" encoding="UTF-8"?>
<testng-results ignored="1" total="2" passed="1" failed="0" skipped="0">
  <reporter-output>
  </reporter-output>
  <suite started-at="2022-10-21T16:42:15 IST" name="Failed suite [Failed suite [Failed suite [Failed suite [Failed suite [RegressionSuite]]]]]" finished-at="2022-10-21T16:42:42 IST" duration-ms="27257">
    <groups>
    </groups>
    <test started-at="2022-10-21T16:42:15 IST" name="ChromeTest(failed)(failed)(failed)(failed)(failed)" finished-at="2022-10-21T16:42:42 IST" duration-ms="27257">
      <class name="testScripts.BookHotelPageTest">
        <test-method is-config="true" signature="openBrowser(java.lang.String)[pri:0, instance:testScripts.BookHotelPageTest@128d2484]" started-at="2022-10-21T16:42:15 IST" name="openBrowser" finished-at="2022-10-21T16:42:19 IST" duration-ms="3500" status="PASS">
          <params>
            <param index="0">
              <value>
                <![CDATA[Chrome]]>
              </value>
            </param>
          </params>
          <reporter-output>
          </reporter-output>
        </test-method> <!-- openBrowser -->
        <test-method is-config="true" signature="cretePOMObjects()[pri:0, instance:testScripts.BookHotelPageTest@128d2484]" started-at="2022-10-21T16:42:19 IST" name="cretePOMObjects" finished-at="2022-10-21T16:42:19 IST" duration-ms="48" status="PASS">
          <reporter-output>
          </reporter-output>
        </test-method> <!-- cretePOMObjects -->
        <test-method is-config="true" signature="openApplication()[pri:0, instance:testScripts.BookHotelPageTest@128d2484]" started-at="2022-10-21T16:42:19 IST" name="openApplication" finished-at="2022-10-21T16:42:31 IST" duration-ms="12321" status="PASS">
          <reporter-output>
          </reporter-output>
        </test-method> <!-- openApplication -->
        <test-method signature="verifyBookNowButton()[pri:0, instance:testScripts.BookHotelPageTest@128d2484]" started-at="2022-10-21T16:42:31 IST" name="verifyBookNowButton" finished-at="2022-10-21T16:42:37 IST" duration-ms="6290" status="PASS">
          <reporter-output>
          </reporter-output>
        </test-method> <!-- verifyBookNowButton -->
        <test-method is-config="true" signature="logoutApplication(org.testng.ITestResult)[pri:0, instance:testScripts.BookHotelPageTest@128d2484]" started-at="2022-10-21T16:42:37 IST" name="logoutApplication" finished-at="2022-10-21T16:42:42 IST" duration-ms="5012" status="PASS">
          <params>
            <param index="0">
              <value>
                <![CDATA[[TestResult name=verifyBookNowButton status=SUCCESS method=BookHotelPageTest.verifyBookNowButton()[pri:0, instance:testScripts.BookHotelPageTest@128d2484] output={null}]]]>
              </value>
            </param>
          </params>
          <reporter-output>
          </reporter-output>
        </test-method> <!-- logoutApplication -->
        <test-method is-config="true" signature="closeBrowser()[pri:0, instance:testScripts.BookHotelPageTest@128d2484]" started-at="2022-10-21T16:42:42 IST" name="closeBrowser" finished-at="2022-10-21T16:42:42 IST" duration-ms="34" status="PASS">
          <reporter-output>
          </reporter-output>
        </test-method> <!-- closeBrowser -->
        <test-method is-config="true" signature="clearObjects()[pri:0, instance:testScripts.BookHotelPageTest@128d2484]" started-at="2022-10-21T16:42:42 IST" name="clearObjects" finished-at="2022-10-21T16:42:42 IST" duration-ms="0" status="PASS">
          <reporter-output>
          </reporter-output>
        </test-method> <!-- clearObjects -->
      </class> <!-- testScripts.BookHotelPageTest -->
    </test> <!-- ChromeTest(failed)(failed)(failed)(failed)(failed) -->
  </suite> <!-- Failed suite [Failed suite [Failed suite [Failed suite [Failed suite [RegressionSuite]]]]] -->
</testng-results>
