<?xml version="1.0" encoding="UTF-8"?>
<!-- Generated by org.testng.reporters.JUnitXMLReporter -->
<testsuite ignored="1" hostname="Dreamrider" failures="0" tests="1" name="FirefoxTest(failed)" time="40.185" errors="0" timestamp="2022-10-01T18:49:52 IST">
  <testcase classname="testScripts.BookHotelPageTest" name="verifyBookNowButton" time="6.327"/>
  <testcase classname="testScripts.BookHotelPageTest" name="verifyCancelButton" time="0.0">
    <ignored/>
  </testcase> <!-- verifyCancelButton -->
</testsuite> <!-- FirefoxTest(failed) -->
