<?xml version="1.0" encoding="UTF-8"?>
<!-- Generated by org.testng.reporters.JUnitXMLReporter -->
<testsuite ignored="0" hostname="Dreamrider" failures="0" tests="8" name="Test" time="0.106" errors="0" timestamp="2022-09-19T12:28:04 IST">
  <testcase classname="testScripts.TestClass" name="testD" time="0.007"/>
  <testcase classname="testScripts.TestClass" name="testA" time="0.002"/>
  <testcase classname="testScripts.TestClass" name="testB" time="0.007"/>
  <testcase classname="testScripts.TestClass" name="testC" time="0.0"/>
  <testcase classname="testScripts.TestClass1" name="testD" time="0.001"/>
  <testcase classname="testScripts.TestClass1" name="testA" time="0.002"/>
  <testcase classname="testScripts.TestClass1" name="testB" time="0.005"/>
  <testcase classname="testScripts.TestClass1" name="testC" time="0.001"/>
</testsuite> <!-- Test -->
