<?xml version="1.0" encoding="UTF-8"?>
<!-- Generated by org.testng.reporters.JUnitXMLReporter -->
<testsuite ignored="1" hostname="Dreamrider" failures="1" tests="1" name="FirefoxTest(failed)" time="45.604" errors="0" timestamp="2023-10-25T11:30:56 IST">
  <testcase classname="testScripts.BookHotelPageTest" name="verifyBookNowButton" time="6.357">
    <failure type="java.lang.AssertionError" message="URL of Hotel Booking Confirmation page is wrong expected [https://adactinhotelapp.com/BookingConfirm.php] but found [https://adactinhotelapp.com/BookHotel.php]">
      <![CDATA[java.lang.AssertionError: URL of Hotel Booking Confirmation page is wrong expected [https://adactinhotelapp.com/BookingConfirm.php] but found [https://adactinhotelapp.com/BookHotel.php]
at testScripts.BookHotelPageTest.verifyBookNowButton(BookHotelPageTest.java:115)
at java.base/java.util.concurrent.ThreadPoolExecutor.runWorker(ThreadPoolExecutor.java:1136)
at java.base/java.util.concurrent.ThreadPoolExecutor$Worker.run(ThreadPoolExecutor.java:635)
at java.base/java.lang.Thread.run(Thread.java:833)
... Removed 15 stack frames]]>
    </failure>
  </testcase> <!-- verifyBookNowButton -->
  <testcase classname="testScripts.BookHotelPageTest" name="verifyCancelButton" time="0.0">
    <ignored/>
  </testcase> <!-- verifyCancelButton -->
</testsuite> <!-- FirefoxTest(failed) -->
