<?xml version="1.0" encoding="UTF-8"?>
<!-- Generated by org.testng.reporters.JUnitXMLReporter -->
<testsuite ignored="1" hostname="Dreamrider" failures="0" tests="1" name="ChromeTest(failed)(failed)(failed)(failed)(failed)" time="27.257" errors="0" timestamp="2022-10-21T16:42:42 IST">
  <testcase classname="testScripts.BookHotelPageTest" name="verifyBookNowButton" time="6.29"/>
  <testcase classname="testScripts.BookHotelPageTest" name="verifyCancelButton" time="0.0">
    <ignored/>
  </testcase> <!-- verifyCancelButton -->
</testsuite> <!-- ChromeTest(failed)(failed)(failed)(failed)(failed) -->
