<?xml version="1.0" encoding="UTF-8"?>
<!-- Generated by org.testng.reporters.JUnitXMLReporter -->
<testsuite ignored="1" hostname="Dreamrider" failures="1" tests="1" name="FirefoxTest(failed)(failed)(failed)(failed)" time="39.353" errors="0" timestamp="2022-09-29T01:21:06 IST">
  <testcase classname="testScripts.BookHotelPageTest" name="verifyBookNowButton" time="0.306">
    <failure type="java.lang.AssertionError" message="The following asserts failed:
	URL of Hotel Booking Confirmation page is wrong expected [https://adactinhotelapp.com/BookingConfirm.php] but found [https://adactinhotelapp.com/BookHotel.php],
	Title of Hotel Booking Confirmation page is wrong expected [Adactin.com - Hotel Booking Confirmation] but found [Adactin.com - Book A Hotel]">
      <![CDATA[java.lang.AssertionError: The following asserts failed:
URL of Hotel Booking Confirmation page is wrong expected [https://adactinhotelapp.com/BookingConfirm.php] but found [https://adactinhotelapp.com/BookHotel.php],
Title of Hotel Booking Confirmation page is wrong expected [Adactin.com - Hotel Booking Confirmation] but found [Adactin.com - Book A Hotel]
at testScripts.BookHotelPageTest.verifyBookNowButton(BookHotelPageTest.java:89)
at java.base/java.util.concurrent.ThreadPoolExecutor.runWorker(ThreadPoolExecutor.java:1136)
at java.base/java.util.concurrent.ThreadPoolExecutor$Worker.run(ThreadPoolExecutor.java:635)
at java.base/java.lang.Thread.run(Thread.java:833)
... Removed 12 stack frames]]>
    </failure>
  </testcase> <!-- verifyBookNowButton -->
  <testcase classname="testScripts.BookHotelPageTest" name="verifyCancelButton" time="0.0">
    <ignored/>
  </testcase> <!-- verifyCancelButton -->
</testsuite> <!-- FirefoxTest(failed)(failed)(failed)(failed) -->
