<?xml version="1.0" encoding="UTF-8"?>
<!-- Generated by org.testng.reporters.JUnitXMLReporter -->
<testsuite ignored="0" hostname="Dreamrider" failures="0" tests="8" name="ChromeTest" time="58.986" errors="0" timestamp="2024-03-17T09:04:16 IST">
  <testcase classname="testScripts.LoginPageTest" name="verifyLoginbutton" time="0.061"/>
  <testcase classname="testScripts.SearchHotelPageTest" name="verifyResetButton" time="0.067"/>
  <testcase classname="testScripts.SelectHotelPageTest" name="verifyContinewButton" time="1.661"/>
  <testcase classname="testScripts.LoginPageTest" name="verifyLogo" time="0.039"/>
  <testcase classname="testScripts.SearchHotelPageTest" name="verifySearchButton" time="1.358"/>
  <testcase classname="testScripts.SelectHotelPageTest" name="verifyCancelButton" time="0.443"/>
  <testcase classname="testScripts.BookHotelPageTest" name="verifyBookNowButton" time="10.06"/>
  <testcase classname="testScripts.BookHotelPageTest" name="verifyCancelButton" time="3.601"/>
</testsuite> <!-- ChromeTest -->
