<?xml version="1.0" encoding="UTF-8"?>
<!-- Generated by org.testng.reporters.JUnitXMLReporter -->
<testsuite ignored="0" hostname="Dreamrider" failures="0" tests="8" name="EdgeTest" time="2.056" errors="0" timestamp="2024-03-02T12:17:48 IST">
  <testcase classname="testScripts.BookHotelPageTest" name="@BeforeTest openBrowser" time="0.942">
    <failure type="java.lang.IllegalStateException" message="The driver executable does not exist: E:\Velocity Workspace\ADT\.\Drivers\msedgedriver.exe">
      <![CDATA[java.lang.IllegalStateException: The driver executable does not exist: E:\Velocity Workspace\ADT\.\Drivers\msedgedriver.exe
at com.google.common.base.Preconditions.checkState(Preconditions.java:585)
at org.openqa.selenium.remote.service.DriverService.checkExecutable(DriverService.java:146)
at org.openqa.selenium.remote.service.DriverService.findExecutable(DriverService.java:141)
at org.openqa.selenium.edge.EdgeDriverService.access$000(EdgeDriverService.java:37)
at org.openqa.selenium.edge.EdgeDriverService$Builder.findDefaultExecutable(EdgeDriverService.java:90)
at org.openqa.selenium.remote.service.DriverService$Builder.build(DriverService.java:355)
at org.openqa.selenium.edge.EdgeDriverService.createDefaultService(EdgeDriverService.java:70)
at org.openqa.selenium.edge.EdgeDriver.<init>(EdgeDriver.java:96)
at setup.BaseClass.openEdgeBrowser(BaseClass.java:32)
at testScripts.BookHotelPageTest.openBrowser(BookHotelPageTest.java:60)
... Removed 22 stack frames]]>
    </failure>
  </testcase> <!-- @BeforeTest openBrowser -->
  <testcase classname="testScripts.LoginPageTest" name="@BeforeTest openBrowser" time="0.0">
    <skipped/>
  </testcase> <!-- @BeforeTest openBrowser -->
  <testcase classname="testScripts.SearchHotelPageTest" name="@BeforeTest openBrowser" time="0.0">
    <skipped/>
  </testcase> <!-- @BeforeTest openBrowser -->
  <testcase classname="testScripts.SelectHotelPageTest" name="@BeforeTest openBrowser" time="0.0">
    <skipped/>
  </testcase> <!-- @BeforeTest openBrowser -->
  <testcase classname="testScripts.SelectHotelPageTest" name="@BeforeClass cretePOMObjects" time="0.0">
    <skipped/>
  </testcase> <!-- @BeforeClass cretePOMObjects -->
  <testcase classname="testScripts.SelectHotelPageTest" name="@BeforeMethod openApplication" time="0.0">
    <skipped/>
  </testcase> <!-- @BeforeMethod openApplication -->
  <testcase classname="testScripts.SelectHotelPageTest" name="@AfterMethod logoutApplication" time="0.0">
    <skipped/>
  </testcase> <!-- @AfterMethod logoutApplication -->
  <testcase classname="testScripts.SelectHotelPageTest" name="@BeforeMethod openApplication" time="0.0">
    <skipped/>
  </testcase> <!-- @BeforeMethod openApplication -->
  <testcase classname="testScripts.SelectHotelPageTest" name="@AfterMethod logoutApplication" time="0.0">
    <skipped/>
  </testcase> <!-- @AfterMethod logoutApplication -->
  <testcase classname="testScripts.SearchHotelPageTest" name="@BeforeClass cretePOMObjects" time="0.0">
    <skipped/>
  </testcase> <!-- @BeforeClass cretePOMObjects -->
  <testcase classname="testScripts.SearchHotelPageTest" name="@BeforeMethod openApplication" time="0.0">
    <skipped/>
  </testcase> <!-- @BeforeMethod openApplication -->
  <testcase classname="testScripts.SearchHotelPageTest" name="@AfterMethod logoutApplication" time="0.0">
    <skipped/>
  </testcase> <!-- @AfterMethod logoutApplication -->
  <testcase classname="testScripts.SearchHotelPageTest" name="@BeforeMethod openApplication" time="0.0">
    <skipped/>
  </testcase> <!-- @BeforeMethod openApplication -->
  <testcase classname="testScripts.SearchHotelPageTest" name="@AfterMethod logoutApplication" time="0.0">
    <skipped/>
  </testcase> <!-- @AfterMethod logoutApplication -->
  <testcase classname="testScripts.SearchHotelPageTest" name="@AfterClass clearObjects" time="0.0">
    <skipped/>
  </testcase> <!-- @AfterClass clearObjects -->
  <testcase classname="testScripts.SelectHotelPageTest" name="@AfterClass clearObjects" time="0.0">
    <skipped/>
  </testcase> <!-- @AfterClass clearObjects -->
  <testcase classname="testScripts.BookHotelPageTest" name="@BeforeClass cretePOMObjects" time="0.0">
    <skipped/>
  </testcase> <!-- @BeforeClass cretePOMObjects -->
  <testcase classname="testScripts.BookHotelPageTest" name="@BeforeMethod openApplication" time="0.0">
    <skipped/>
  </testcase> <!-- @BeforeMethod openApplication -->
  <testcase classname="testScripts.LoginPageTest" name="@BeforeClass cretePOMObjects" time="0.0">
    <skipped/>
  </testcase> <!-- @BeforeClass cretePOMObjects -->
  <testcase classname="testScripts.LoginPageTest" name="@BeforeMethod openApplication" time="0.0">
    <skipped/>
  </testcase> <!-- @BeforeMethod openApplication -->
  <testcase classname="testScripts.BookHotelPageTest" name="@AfterMethod logoutApplication" time="0.0">
    <skipped/>
  </testcase> <!-- @AfterMethod logoutApplication -->
  <testcase classname="testScripts.LoginPageTest" name="@AfterMethod logoutApplication" time="0.0">
    <skipped/>
  </testcase> <!-- @AfterMethod logoutApplication -->
  <testcase classname="testScripts.LoginPageTest" name="@BeforeMethod openApplication" time="0.0">
    <skipped/>
  </testcase> <!-- @BeforeMethod openApplication -->
  <testcase classname="testScripts.LoginPageTest" name="@AfterMethod logoutApplication" time="0.0">
    <skipped/>
  </testcase> <!-- @AfterMethod logoutApplication -->
  <testcase classname="testScripts.LoginPageTest" name="@AfterClass clearObjects" time="0.0">
    <skipped/>
  </testcase> <!-- @AfterClass clearObjects -->
  <testcase classname="testScripts.BookHotelPageTest" name="@BeforeMethod openApplication" time="0.0">
    <skipped/>
  </testcase> <!-- @BeforeMethod openApplication -->
  <testcase classname="testScripts.BookHotelPageTest" name="@AfterMethod logoutApplication" time="0.0">
    <skipped/>
  </testcase> <!-- @AfterMethod logoutApplication -->
  <testcase classname="testScripts.BookHotelPageTest" name="@AfterClass clearObjects" time="0.0">
    <skipped/>
  </testcase> <!-- @AfterClass clearObjects -->
  <testcase classname="testScripts.BookHotelPageTest" name="@AfterTest closeBrowser" time="0.0">
    <skipped/>
  </testcase> <!-- @AfterTest closeBrowser -->
  <testcase classname="testScripts.LoginPageTest" name="@AfterTest closeBrowser" time="0.0">
    <skipped/>
  </testcase> <!-- @AfterTest closeBrowser -->
  <testcase classname="testScripts.SearchHotelPageTest" name="@AfterTest closeBrowser" time="0.0">
    <skipped/>
  </testcase> <!-- @AfterTest closeBrowser -->
  <testcase classname="testScripts.SelectHotelPageTest" name="@AfterTest closeBrowser" time="0.0">
    <skipped/>
  </testcase> <!-- @AfterTest closeBrowser -->
  <testcase classname="testScripts.SelectHotelPageTest" name="verifyContinewButton" time="0.0">
    <skipped/>
  </testcase> <!-- verifyContinewButton -->
  <testcase classname="testScripts.SelectHotelPageTest" name="verifyCancelButton" time="0.0">
    <skipped/>
  </testcase> <!-- verifyCancelButton -->
  <testcase classname="testScripts.SearchHotelPageTest" name="verifyResetButton" time="0.0">
    <skipped/>
  </testcase> <!-- verifyResetButton -->
  <testcase classname="testScripts.SearchHotelPageTest" name="verifySearchButton" time="0.0">
    <skipped/>
  </testcase> <!-- verifySearchButton -->
  <testcase classname="testScripts.BookHotelPageTest" name="verifyBookNowButton" time="0.0">
    <skipped/>
  </testcase> <!-- verifyBookNowButton -->
  <testcase classname="testScripts.LoginPageTest" name="verifyLoginbutton" time="0.0">
    <skipped/>
  </testcase> <!-- verifyLoginbutton -->
  <testcase classname="testScripts.LoginPageTest" name="verifyLogo" time="0.0">
    <skipped/>
  </testcase> <!-- verifyLogo -->
  <testcase classname="testScripts.BookHotelPageTest" name="verifyCancelButton" time="0.0">
    <skipped/>
  </testcase> <!-- verifyCancelButton -->
</testsuite> <!-- EdgeTest -->
