<?xml version="1.0" encoding="UTF-8"?>
<!-- Generated by org.testng.reporters.JUnitXMLReporter -->
<testsuite ignored="0" hostname="Dreamrider" failures="0" tests="8" name="FirefoxTest" time="95.665" errors="0" timestamp="2024-01-13T13:45:03 IST">
  <testcase classname="testScripts.LoginPageTest" name="verifyLoginbutton" time="0.015"/>
  <testcase classname="testScripts.SearchHotelPageTest" name="verifyResetButton" time="0.267"/>
  <testcase classname="testScripts.SelectHotelPageTest" name="verifyContinewButton" time="0.971"/>
  <testcase classname="testScripts.LoginPageTest" name="verifyLogo" time="0.079"/>
  <testcase classname="testScripts.BookHotelPageTest" name="verifyBookNowButton" time="10.466"/>
  <testcase classname="testScripts.SearchHotelPageTest" name="verifySearchButton" time="1.145"/>
  <testcase classname="testScripts.SelectHotelPageTest" name="verifyCancelButton" time="0.644"/>
  <testcase classname="testScripts.BookHotelPageTest" name="verifyCancelButton" time="3.849"/>
</testsuite> <!-- FirefoxTest -->
